[2020-08-10 18:57:51] app.ERROR: Data from PrestaShop Addons is invalid, and cannot fallback on cache.  {"exception":"cURL error 28: Operation timed out after 5000 milliseconds with 628652 bytes received"} []
[2020-08-10 18:57:53] app.INFO: Protect vendor folder in module contactform [] []
[2020-08-10 18:57:53] app.INFO: Module contactform has no vendor folder [] []
[2020-08-10 18:57:56] app.INFO: Protect vendor folder in module dashactivity [] []
[2020-08-10 18:57:56] app.INFO: Module dashactivity has no vendor folder [] []
[2020-08-10 18:57:58] app.INFO: Protect vendor folder in module dashtrends [] []
[2020-08-10 18:57:58] app.INFO: Module dashtrends has no vendor folder [] []
[2020-08-10 18:58:03] app.INFO: Protect vendor folder in module dashgoals [] []
[2020-08-10 18:58:04] app.INFO: Module dashgoals has no vendor folder [] []
[2020-08-10 18:58:05] app.INFO: Protect vendor folder in module dashproducts [] []
[2020-08-10 18:58:05] app.INFO: Module dashproducts has no vendor folder [] []
[2020-08-10 18:58:06] app.INFO: Protect vendor folder in module graphnvd3 [] []
[2020-08-10 18:58:06] app.INFO: Module graphnvd3 has no vendor folder [] []
[2020-08-10 18:58:08] app.INFO: Protect vendor folder in module gridhtml [] []
[2020-08-10 18:58:08] app.INFO: Module gridhtml has no vendor folder [] []
[2020-08-10 18:58:10] app.INFO: Protect vendor folder in module gsitemap [] []
[2020-08-10 18:58:10] app.INFO: Module gsitemap has no vendor folder [] []
[2020-08-10 18:58:12] app.INFO: Protect vendor folder in module ps_banner [] []
[2020-08-10 18:58:12] app.INFO: Module ps_banner has no vendor folder [] []
[2020-08-10 18:58:13] app.INFO: Protect vendor folder in module ps_categorytree [] []
[2020-08-10 18:58:13] app.INFO: Module ps_categorytree has no vendor folder [] []
[2020-08-10 18:58:15] app.INFO: Protect vendor folder in module ps_checkpayment [] []
[2020-08-10 18:58:15] app.INFO: Module ps_checkpayment has no vendor folder [] []
[2020-08-10 18:58:17] app.INFO: Protect vendor folder in module ps_contactinfo [] []
[2020-08-10 18:58:17] app.INFO: Module ps_contactinfo has no vendor folder [] []
[2020-08-10 18:58:18] app.INFO: Protect vendor folder in module ps_currencyselector [] []
[2020-08-10 18:58:18] app.INFO: Module ps_currencyselector has no vendor folder [] []
[2020-08-10 18:58:20] app.INFO: Protect vendor folder in module ps_customeraccountlinks [] []
[2020-08-10 18:58:20] app.INFO: Module ps_customeraccountlinks has no vendor folder [] []
[2020-08-10 18:58:21] app.INFO: Protect vendor folder in module ps_customersignin [] []
[2020-08-10 18:58:21] app.INFO: Module ps_customersignin has no vendor folder [] []
[2020-08-10 18:58:24] app.INFO: Protect vendor folder in module ps_customtext [] []
[2020-08-10 18:58:24] app.INFO: Module ps_customtext has no vendor folder [] []
[2020-08-10 18:58:28] app.INFO: Protect vendor folder in module ps_emailsubscription [] []
[2020-08-10 18:58:28] app.INFO: Module ps_emailsubscription has no vendor folder [] []
[2020-08-10 18:58:45] app.INFO: Protect vendor folder in module ps_facetedsearch [] []
[2020-08-10 18:58:45] app.INFO: Module ps_facetedsearch has no vendor folder [] []
[2020-08-10 18:58:48] app.INFO: Protect vendor folder in module ps_faviconnotificationbo [] []
[2020-08-10 18:58:48] app.INFO: Module ps_faviconnotificationbo has no vendor folder [] []
[2020-08-10 18:58:51] app.INFO: Protect vendor folder in module ps_featuredproducts [] []
[2020-08-10 18:58:51] app.INFO: Module ps_featuredproducts has no vendor folder [] []
[2020-08-10 18:58:57] app.INFO: Protect vendor folder in module ps_imageslider [] []
[2020-08-10 18:58:57] app.INFO: Module ps_imageslider has no vendor folder [] []
[2020-08-10 18:58:59] app.INFO: Protect vendor folder in module ps_languageselector [] []
[2020-08-10 18:58:59] app.INFO: Module ps_languageselector has no vendor folder [] []
[2020-08-10 18:59:04] app.INFO: Protect vendor folder in module ps_linklist [] []
[2020-08-10 18:59:04] app.INFO: Module ps_linklist has no vendor folder [] []
[2020-08-10 18:59:04] app.ERROR: Class "AdminLinkWidgetController" not found in controllers/admin [] []
[2020-08-10 18:59:12] app.INFO: Protect vendor folder in module ps_mainmenu [] []
[2020-08-10 18:59:12] app.INFO: Module ps_mainmenu has no vendor folder [] []
[2020-08-10 18:59:13] app.INFO: Protect vendor folder in module ps_searchbar [] []
[2020-08-10 18:59:13] app.INFO: Module ps_searchbar has no vendor folder [] []
[2020-08-10 18:59:15] app.INFO: Protect vendor folder in module ps_sharebuttons [] []
[2020-08-10 18:59:15] app.INFO: Module ps_sharebuttons has no vendor folder [] []
[2020-08-10 18:59:17] app.INFO: Protect vendor folder in module ps_shoppingcart [] []
[2020-08-10 18:59:17] app.INFO: Module ps_shoppingcart has no vendor folder [] []
[2020-08-10 18:59:19] app.INFO: Protect vendor folder in module ps_socialfollow [] []
[2020-08-10 18:59:19] app.INFO: Module ps_socialfollow has no vendor folder [] []
[2020-08-10 18:59:28] app.INFO: Protect vendor folder in module ps_themecusto [] []
[2020-08-10 18:59:28] app.INFO: Module ps_themecusto has no vendor folder [] []
[2020-08-10 18:59:35] app.INFO: Protect vendor folder in module ps_wirepayment [] []
[2020-08-10 18:59:36] app.INFO: Module ps_wirepayment has no vendor folder [] []
[2020-08-10 18:59:41] app.INFO: Protect vendor folder in module pagesnotfound [] []
[2020-08-10 18:59:41] app.INFO: Module pagesnotfound has no vendor folder [] []
[2020-08-10 18:59:45] app.INFO: Protect vendor folder in module sekeywords [] []
[2020-08-10 18:59:45] app.INFO: Module sekeywords has no vendor folder [] []
[2020-08-10 18:59:46] app.INFO: Protect vendor folder in module statsbestcategories [] []
[2020-08-10 18:59:47] app.INFO: Module statsbestcategories has no vendor folder [] []
[2020-08-10 18:59:48] app.INFO: Protect vendor folder in module statsbestcustomers [] []
[2020-08-10 18:59:48] app.INFO: Module statsbestcustomers has no vendor folder [] []
[2020-08-10 18:59:50] app.INFO: Protect vendor folder in module statsbestproducts [] []
[2020-08-10 18:59:50] app.INFO: Module statsbestproducts has no vendor folder [] []
[2020-08-10 18:59:52] app.INFO: Protect vendor folder in module statsbestsuppliers [] []
[2020-08-10 18:59:52] app.INFO: Module statsbestsuppliers has no vendor folder [] []
[2020-08-10 18:59:53] app.INFO: Protect vendor folder in module statsbestvouchers [] []
[2020-08-10 18:59:53] app.INFO: Module statsbestvouchers has no vendor folder [] []
[2020-08-10 18:59:54] app.INFO: Protect vendor folder in module statscarrier [] []
[2020-08-10 18:59:54] app.INFO: Module statscarrier has no vendor folder [] []
[2020-08-10 18:59:56] app.INFO: Protect vendor folder in module statscatalog [] []
[2020-08-10 18:59:56] app.INFO: Module statscatalog has no vendor folder [] []
[2020-08-10 18:59:57] app.INFO: Protect vendor folder in module statscheckup [] []
[2020-08-10 18:59:57] app.INFO: Module statscheckup has no vendor folder [] []
[2020-08-10 18:59:58] app.INFO: Protect vendor folder in module statsdata [] []
[2020-08-10 18:59:58] app.INFO: Module statsdata has no vendor folder [] []
[2020-08-10 19:00:00] app.INFO: Protect vendor folder in module statsequipment [] []
[2020-08-10 19:00:00] app.INFO: Module statsequipment has no vendor folder [] []
[2020-08-10 19:00:01] app.INFO: Protect vendor folder in module statsforecast [] []
[2020-08-10 19:00:01] app.INFO: Module statsforecast has no vendor folder [] []
[2020-08-10 19:00:03] app.INFO: Protect vendor folder in module statslive [] []
[2020-08-10 19:00:03] app.INFO: Module statslive has no vendor folder [] []
[2020-08-10 19:00:09] app.INFO: Protect vendor folder in module statsnewsletter [] []
[2020-08-10 19:00:09] app.INFO: Module statsnewsletter has no vendor folder [] []
[2020-08-10 19:00:11] app.INFO: Protect vendor folder in module statsorigin [] []
[2020-08-10 19:00:11] app.INFO: Module statsorigin has no vendor folder [] []
[2020-08-10 19:00:15] app.INFO: Protect vendor folder in module statspersonalinfos [] []
[2020-08-10 19:00:15] app.INFO: Module statspersonalinfos has no vendor folder [] []
[2020-08-10 19:00:17] app.INFO: Protect vendor folder in module statsproduct [] []
[2020-08-10 19:00:17] app.INFO: Module statsproduct has no vendor folder [] []
[2020-08-10 19:00:18] app.INFO: Protect vendor folder in module statsregistrations [] []
[2020-08-10 19:00:18] app.INFO: Module statsregistrations has no vendor folder [] []
[2020-08-10 19:00:19] app.INFO: Protect vendor folder in module statssales [] []
[2020-08-10 19:00:19] app.INFO: Module statssales has no vendor folder [] []
[2020-08-10 19:00:20] app.INFO: Protect vendor folder in module statssearch [] []
[2020-08-10 19:00:20] app.INFO: Module statssearch has no vendor folder [] []
[2020-08-10 19:00:21] app.INFO: Protect vendor folder in module statsstock [] []
[2020-08-10 19:00:21] app.INFO: Module statsstock has no vendor folder [] []
[2020-08-10 19:00:23] app.INFO: Protect vendor folder in module statsvisits [] []
[2020-08-10 19:00:23] app.INFO: Module statsvisits has no vendor folder [] []
[2020-08-10 19:00:25] app.INFO: Protect vendor folder in module welcome [] []
[2020-08-10 19:00:46] app.INFO: Exporting mail with theme modern for language Español (Spanish) [] []
[2020-08-10 19:00:46] app.INFO: Core output folder: C:\wamp64\www\prestashop/mails [] []
[2020-08-10 19:00:46] app.INFO: Modules output folder: C:\wamp64\www\prestashop/modules/ [] []
[2020-08-10 19:01:03] app.INFO: Exporting mail with theme modern for language Español CO ( Spanish) [] []
[2020-08-10 19:01:03] app.INFO: Core output folder: C:\wamp64\www\prestashop/mails [] []
[2020-08-10 19:01:03] app.INFO: Modules output folder: C:\wamp64\www\prestashop/modules/ [] []
[2020-08-10 19:02:25] app.ERROR: Data from PrestaShop Addons is invalid, and cannot fallback on cache.  {"exception":"cURL error 28: Operation timed out after 5000 milliseconds with 0 out of 0 bytes received"} []
[2020-08-10 19:02:29] app.INFO: Protect vendor folder in module blockreassurance [] []
[2020-08-10 19:02:29] app.INFO: Module blockreassurance has no vendor folder [] []
[2020-08-10 19:04:48] app.ERROR: Data from PrestaShop Addons is invalid, and cannot fallback on cache.  {"exception":"cURL error 28: Operation timed out after 5000 milliseconds with 59038 bytes received"} []
[2020-08-10 19:05:33] app.INFO: Protect vendor folder in module ps_facetedsearch [] []
[2020-08-10 19:05:33] app.INFO: Module ps_facetedsearch has no vendor folder [] []
[2020-08-10 19:28:49] request.INFO: Matched route "admin_payment_methods". {"route":"admin_payment_methods","route_parameters":{"_controller":"PrestaShopBundle\\Controller\\Admin\\Improve\\Payment\\PaymentMethodsController::indexAction","_legacy_controller":"AdminPayment","_legacy_link":"AdminPayment","_route":"admin_payment_methods"},"request_uri":"http://localhost/prestashop/admin751ecrjcw/index.php/improve/payment/payment_methods?_token=oIyH4_Cx0tRZfPmugpQ-ag5nGZpc4CZLfPYh5mjsZ3k&_token=oIyH4_Cx0tRZfPmugpQ-ag5nGZpc4CZLfPYh5mjsZ3k","method":"GET"} []
[2020-08-10 19:28:49] security.DEBUG: Read existing security token from the session. {"key":"_security_main","token_class":"Symfony\\Component\\Security\\Core\\Authentication\\Token\\UsernamePasswordToken"} []
[2020-08-10 19:28:49] security.DEBUG: User was reloaded from a user provider. {"provider":"PrestaShopBundle\\Security\\Admin\\EmployeeProvider","username":"djcrissguzman@gmail.com"} []
[2020-08-10 19:28:55] app.ERROR: Data from PrestaShop Addons is invalid, and cannot fallback on cache.  {"exception":"cURL error 28: Operation timed out after 5000 milliseconds with 446533 bytes received"} []
[2020-08-10 19:28:55] security.DEBUG: Stored the security token in the session. {"key":"_security_main"} []
[2020-08-10 19:31:02] request.INFO: Matched route "admin_module_notification_count". {"route":"admin_module_notification_count","route_parameters":{"_controller":"PrestaShopBundle\\Controller\\Admin\\Improve\\Modules\\AlertsController::notificationsCountAction","_legacy_controller":"AdminModulesNotifications","_legacy_link":"AdminModulesNotifications:count","_route":"admin_module_notification_count"},"request_uri":"http://localhost/prestashop/admin751ecrjcw/index.php/improve/modules/alerts/count?_token=oIyH4_Cx0tRZfPmugpQ-ag5nGZpc4CZLfPYh5mjsZ3k","method":"GET"} []
[2020-08-10 19:31:02] security.DEBUG: Read existing security token from the session. {"key":"_security_main","token_class":"Symfony\\Component\\Security\\Core\\Authentication\\Token\\UsernamePasswordToken"} []
[2020-08-10 19:31:02] security.DEBUG: User was reloaded from a user provider. {"provider":"PrestaShopBundle\\Security\\Admin\\EmployeeProvider","username":"djcrissguzman@gmail.com"} []
[2020-08-10 19:31:08] app.ERROR: Data from PrestaShop Addons is invalid, and cannot fallback on cache.  {"exception":"cURL error 28: Operation timed out after 5000 milliseconds with 30078 bytes received"} []
[2020-08-10 19:31:08] security.DEBUG: Stored the security token in the session. {"key":"_security_main"} []
[2020-08-10 19:31:02] request.INFO: Matched route "admin_module_catalog_refresh". {"route":"admin_module_catalog_refresh","route_parameters":{"category":null,"keyword":null,"_controller":"PrestaShopBundle\\Controller\\Admin\\Improve\\ModuleController::refreshCatalogAction","_legacy_controller":"AdminModulesCatalog","_legacy_link":"AdminModulesCatalog:refresh","_route":"admin_module_catalog_refresh"},"request_uri":"http://localhost/prestashop/admin751ecrjcw/index.php/improve/modules/catalog/refresh?_token=oIyH4_Cx0tRZfPmugpQ-ag5nGZpc4CZLfPYh5mjsZ3k","method":"GET"} []
[2020-08-10 19:31:08] security.DEBUG: Read existing security token from the session. {"key":"_security_main","token_class":"Symfony\\Component\\Security\\Core\\Authentication\\Token\\UsernamePasswordToken"} []
[2020-08-10 19:31:08] security.DEBUG: User was reloaded from a user provider. {"provider":"PrestaShopBundle\\Security\\Admin\\EmployeeProvider","username":"djcrissguzman@gmail.com"} []
[2020-08-10 19:31:13] app.ERROR: Data from PrestaShop Addons is invalid, and cannot fallback on cache.  {"exception":"cURL error 28: Operation timed out after 5000 milliseconds with 42654 bytes received"} []
[2020-08-10 19:31:15] security.DEBUG: Stored the security token in the session. {"key":"_security_main"} []
[2020-08-10 20:18:20] request.CRITICAL: Uncaught PHP Exception Symfony\Component\Debug\Exception\FatalErrorException: "Error: Maximum execution time of 120 seconds exceeded" at C:\wamp64\www\prestashop\classes\Tools.php line 2099 {"exception":"[object] (Symfony\\Component\\Debug\\Exception\\FatalErrorException(code: 0): Error: Maximum execution time of 120 seconds exceeded at C:\\wamp64\\www\\prestashop\\classes\\Tools.php:2099)"} []
[2020-08-10 20:49:47] request.INFO: Matched route "admin_link_block_list". {"route":"admin_link_block_list","route_parameters":{"_controller":"PrestaShop\\Module\\LinkList\\Controller\\Admin\\Improve\\Design\\LinkBlockController::listAction","_legacy_controller":"AdminLinkWidget","_legacy_link":"AdminLinkWidget","_route":"admin_link_block_list"},"request_uri":"http://localhost/prestashop/admin751ecrjcw/index.php/modules/link-widget/list?_token=oIyH4_Cx0tRZfPmugpQ-ag5nGZpc4CZLfPYh5mjsZ3k","method":"GET"} []
[2020-08-10 20:49:47] security.DEBUG: Read existing security token from the session. {"key":"_security_main","token_class":"Symfony\\Component\\Security\\Core\\Authentication\\Token\\UsernamePasswordToken"} []
[2020-08-10 20:49:47] security.DEBUG: User was reloaded from a user provider. {"provider":"PrestaShopBundle\\Security\\Admin\\EmployeeProvider","username":"djcrissguzman@gmail.com"} []
[2020-08-10 20:49:52] app.ERROR: Data from PrestaShop Addons is invalid, and cannot fallback on cache.  {"exception":"cURL error 28: Operation timed out after 5000 milliseconds with 163149 bytes received"} []
[2020-08-10 20:49:52] security.DEBUG: Stored the security token in the session. {"key":"_security_main"} []
